{"C:\\Users\\jedbe\\OneDrive\\Desktop\\projects\\caseBattle\\server\\index.js": {"path":"C:\\Users\\jedbe\\OneDrive\\Desktop\\projects\\caseBattle\\server\\index.js","statementMap":{"0":{"start":{"line":8,"column":13},"end":{"line":8,"column":17}},"1":{"start":{"line":10,"column":19},"end":{"line":10,"column":28}},"2":{"start":{"line":11,"column":22},"end":{"line":11,"column":44}},"3":{"start":{"line":13,"column":11},"end":{"line":18,"column":2}},"4":{"start":{"line":21,"column":0},"end":{"line":21,"column":16}},"5":{"start":{"line":22,"column":0},"end":{"line":22,"column":24}},"6":{"start":{"line":24,"column":0},"end":{"line":24,"column":31}},"7":{"start":{"line":26,"column":0},"end":{"line":28,"column":3}},"8":{"start":{"line":27,"column":2},"end":{"line":27,"column":29}},"9":{"start":{"line":30,"column":0},"end":{"line":30,"column":23}},"10":{"start":{"line":32,"column":0},"end":{"line":36,"column":1}},"11":{"start":{"line":33,"column":2},"end":{"line":35,"column":5}},"12":{"start":{"line":34,"column":4},"end":{"line":34,"column":54}}},"fnMap":{"0":{"name":"(anonymous_0)","decl":{"start":{"line":26,"column":13},"end":{"line":26,"column":14}},"loc":{"start":{"line":26,"column":27},"end":{"line":28,"column":1}},"line":26},"1":{"name":"(anonymous_1)","decl":{"start":{"line":33,"column":22},"end":{"line":33,"column":23}},"loc":{"start":{"line":33,"column":28},"end":{"line":35,"column":3}},"line":33}},"branchMap":{"0":{"loc":{"start":{"line":32,"column":0},"end":{"line":36,"column":1}},"type":"if","locations":[{"start":{"line":32,"column":0},"end":{"line":36,"column":1}},{"start":{},"end":{}}],"line":32}},"s":{"0":2,"1":2,"2":2,"3":2,"4":2,"5":2,"6":2,"7":2,"8":1,"9":2,"10":2,"11":0,"12":0},"f":{"0":1,"1":0},"b":{"0":[0,2]},"_coverageSchema":"1a1c01bbd47fc00a2c39e90264f33305004495a9","hash":"6281a003425f578007fe7e438775953f536c317a"}
,"C:\\Users\\jedbe\\OneDrive\\Desktop\\projects\\caseBattle\\server\\controllers\\roomController.js": {"path":"C:\\Users\\jedbe\\OneDrive\\Desktop\\projects\\caseBattle\\server\\controllers\\roomController.js","statementMap":{"0":{"start":{"line":13,"column":31},"end":{"line":13,"column":33}},"1":{"start":{"line":14,"column":29},"end":{"line":14,"column":31}},"2":{"start":{"line":16,"column":29},"end":{"line":20,"column":1}},"3":{"start":{"line":17,"column":15},"end":{"line":17,"column":36}},"4":{"start":{"line":18,"column":2},"end":{"line":18,"column":70}},"5":{"start":{"line":18,"column":13},"end":{"line":18,"column":70}},"6":{"start":{"line":19,"column":2},"end":{"line":19,"column":17}},"7":{"start":{"line":22,"column":32},"end":{"line":35,"column":1}},"8":{"start":{"line":23,"column":23},"end":{"line":23,"column":31}},"9":{"start":{"line":24,"column":2},"end":{"line":26,"column":3}},"10":{"start":{"line":25,"column":4},"end":{"line":25,"column":73}},"11":{"start":{"line":27,"column":27},"end":{"line":27,"column":47}},"12":{"start":{"line":28,"column":2},"end":{"line":34,"column":3}},"13":{"start":{"line":29,"column":4},"end":{"line":29,"column":43}},"14":{"start":{"line":31,"column":4},"end":{"line":33,"column":63}},"15":{"start":{"line":37,"column":30},"end":{"line":63,"column":1}},"16":{"start":{"line":38,"column":43},"end":{"line":38,"column":51}},"17":{"start":{"line":41,"column":15},"end":{"line":41,"column":46}},"18":{"start":{"line":42,"column":2},"end":{"line":44,"column":3}},"19":{"start":{"line":43,"column":4},"end":{"line":43,"column":51}},"20":{"start":{"line":46,"column":2},"end":{"line":48,"column":3}},"21":{"start":{"line":47,"column":4},"end":{"line":47,"column":49}},"22":{"start":{"line":50,"column":2},"end":{"line":62,"column":3}},"23":{"start":{"line":51,"column":45},"end":{"line":55,"column":5}},"24":{"start":{"line":56,"column":4},"end":{"line":58,"column":5}},"25":{"start":{"line":57,"column":6},"end":{"line":57,"column":37}},"26":{"start":{"line":59,"column":4},"end":{"line":59,"column":56}},"27":{"start":{"line":61,"column":4},"end":{"line":61,"column":20}},"28":{"start":{"line":65,"column":32},"end":{"line":89,"column":1}},"29":{"start":{"line":66,"column":45},"end":{"line":66,"column":53}},"30":{"start":{"line":68,"column":2},"end":{"line":88,"column":3}},"31":{"start":{"line":69,"column":17},"end":{"line":69,"column":48}},"32":{"start":{"line":70,"column":4},"end":{"line":85,"column":5}},"33":{"start":{"line":71,"column":6},"end":{"line":71,"column":44}},"34":{"start":{"line":72,"column":6},"end":{"line":76,"column":7}},"35":{"start":{"line":73,"column":8},"end":{"line":75,"column":18}},"36":{"start":{"line":74,"column":10},"end":{"line":74,"column":26}},"37":{"start":{"line":77,"column":6},"end":{"line":81,"column":7}},"38":{"start":{"line":78,"column":8},"end":{"line":80,"column":18}},"39":{"start":{"line":79,"column":10},"end":{"line":79,"column":29}},"40":{"start":{"line":82,"column":6},"end":{"line":82,"column":43}},"41":{"start":{"line":84,"column":6},"end":{"line":84,"column":70}},"42":{"start":{"line":87,"column":4},"end":{"line":87,"column":43}}},"fnMap":{"0":{"name":"(anonymous_0)","decl":{"start":{"line":16,"column":29},"end":{"line":16,"column":30}},"loc":{"start":{"line":16,"column":43},"end":{"line":20,"column":1}},"line":16},"1":{"name":"(anonymous_1)","decl":{"start":{"line":22,"column":32},"end":{"line":22,"column":33}},"loc":{"start":{"line":22,"column":46},"end":{"line":35,"column":1}},"line":22},"2":{"name":"(anonymous_2)","decl":{"start":{"line":37,"column":30},"end":{"line":37,"column":31}},"loc":{"start":{"line":37,"column":44},"end":{"line":63,"column":1}},"line":37},"3":{"name":"(anonymous_3)","decl":{"start":{"line":65,"column":32},"end":{"line":65,"column":33}},"loc":{"start":{"line":65,"column":46},"end":{"line":89,"column":1}},"line":65},"4":{"name":"(anonymous_4)","decl":{"start":{"line":73,"column":54},"end":{"line":73,"column":55}},"loc":{"start":{"line":73,"column":60},"end":{"line":75,"column":9}},"line":73},"5":{"name":"(anonymous_5)","decl":{"start":{"line":78,"column":52},"end":{"line":78,"column":53}},"loc":{"start":{"line":78,"column":58},"end":{"line":80,"column":9}},"line":78}},"branchMap":{"0":{"loc":{"start":{"line":18,"column":2},"end":{"line":18,"column":70}},"type":"if","locations":[{"start":{"line":18,"column":2},"end":{"line":18,"column":70}},{"start":{},"end":{}}],"line":18},"1":{"loc":{"start":{"line":24,"column":2},"end":{"line":26,"column":3}},"type":"if","locations":[{"start":{"line":24,"column":2},"end":{"line":26,"column":3}},{"start":{},"end":{}}],"line":24},"2":{"loc":{"start":{"line":28,"column":2},"end":{"line":34,"column":3}},"type":"if","locations":[{"start":{"line":28,"column":2},"end":{"line":34,"column":3}},{"start":{"line":30,"column":9},"end":{"line":34,"column":3}}],"line":28},"3":{"loc":{"start":{"line":42,"column":2},"end":{"line":44,"column":3}},"type":"if","locations":[{"start":{"line":42,"column":2},"end":{"line":44,"column":3}},{"start":{},"end":{}}],"line":42},"4":{"loc":{"start":{"line":46,"column":2},"end":{"line":48,"column":3}},"type":"if","locations":[{"start":{"line":46,"column":2},"end":{"line":48,"column":3}},{"start":{},"end":{}}],"line":46},"5":{"loc":{"start":{"line":50,"column":2},"end":{"line":62,"column":3}},"type":"if","locations":[{"start":{"line":50,"column":2},"end":{"line":62,"column":3}},{"start":{"line":60,"column":9},"end":{"line":62,"column":3}}],"line":50},"6":{"loc":{"start":{"line":56,"column":4},"end":{"line":58,"column":5}},"type":"if","locations":[{"start":{"line":56,"column":4},"end":{"line":58,"column":5}},{"start":{},"end":{}}],"line":56},"7":{"loc":{"start":{"line":68,"column":2},"end":{"line":88,"column":3}},"type":"if","locations":[{"start":{"line":68,"column":2},"end":{"line":88,"column":3}},{"start":{"line":86,"column":9},"end":{"line":88,"column":3}}],"line":68},"8":{"loc":{"start":{"line":70,"column":4},"end":{"line":85,"column":5}},"type":"if","locations":[{"start":{"line":70,"column":4},"end":{"line":85,"column":5}},{"start":{"line":83,"column":11},"end":{"line":85,"column":5}}],"line":70},"9":{"loc":{"start":{"line":70,"column":8},"end":{"line":70,"column":50}},"type":"binary-expr","locations":[{"start":{"line":70,"column":8},"end":{"line":70,"column":12}},{"start":{"line":70,"column":16},"end":{"line":70,"column":50}}],"line":70},"10":{"loc":{"start":{"line":72,"column":6},"end":{"line":76,"column":7}},"type":"if","locations":[{"start":{"line":72,"column":6},"end":{"line":76,"column":7}},{"start":{},"end":{}}],"line":72},"11":{"loc":{"start":{"line":77,"column":6},"end":{"line":81,"column":7}},"type":"if","locations":[{"start":{"line":77,"column":6},"end":{"line":81,"column":7}},{"start":{},"end":{}}],"line":77}},"s":{"0":2,"1":2,"2":2,"3":0,"4":0,"5":0,"6":0,"7":2,"8":2,"9":2,"10":1,"11":2,"12":2,"13":2,"14":0,"15":2,"16":5,"17":5,"18":5,"19":0,"20":5,"21":1,"22":5,"23":5,"24":5,"25":0,"26":5,"27":0,"28":2,"29":6,"30":6,"31":6,"32":6,"33":5,"34":5,"35":2,"36":2,"37":5,"38":2,"39":1,"40":5,"41":1,"42":0},"f":{"0":0,"1":2,"2":5,"3":6,"4":2,"5":1},"b":{"0":[0,0],"1":[1,1],"2":[2,0],"3":[0,5],"4":[1,4],"5":[5,0],"6":[0,5],"7":[6,0],"8":[5,1],"9":[6,6],"10":[2,3],"11":[2,3]},"_coverageSchema":"1a1c01bbd47fc00a2c39e90264f33305004495a9","hash":"1c9a430796e84c91aa3560450760ce436df113cf"}
,"C:\\Users\\jedbe\\OneDrive\\Desktop\\projects\\caseBattle\\server\\models\\Room.js": {"path":"C:\\Users\\jedbe\\OneDrive\\Desktop\\projects\\caseBattle\\server\\models\\Room.js","statementMap":{"0":{"start":{"line":4,"column":19},"end":{"line":4,"column":21}},"1":{"start":{"line":6,"column":24},"end":{"line":9,"column":1}},"2":{"start":{"line":7,"column":2},"end":{"line":7,"column":51}},"3":{"start":{"line":8,"column":2},"end":{"line":8,"column":19}},"4":{"start":{"line":11,"column":24},"end":{"line":13,"column":1}},"5":{"start":{"line":12,"column":2},"end":{"line":12,"column":15}},"6":{"start":{"line":15,"column":23},"end":{"line":17,"column":1}},"7":{"start":{"line":16,"column":2},"end":{"line":16,"column":23}},"8":{"start":{"line":19,"column":26},"end":{"line":26,"column":1}},"9":{"start":{"line":20,"column":2},"end":{"line":25,"column":3}},"10":{"start":{"line":21,"column":4},"end":{"line":21,"column":25}},"11":{"start":{"line":22,"column":4},"end":{"line":22,"column":16}},"12":{"start":{"line":24,"column":4},"end":{"line":24,"column":17}},"13":{"start":{"line":28,"column":26},"end":{"line":38,"column":1}},"14":{"start":{"line":29,"column":17},"end":{"line":29,"column":39}},"15":{"start":{"line":30,"column":15},"end":{"line":30,"column":43}},"16":{"start":{"line":31,"column":2},"end":{"line":35,"column":3}},"17":{"start":{"line":32,"column":4},"end":{"line":34,"column":6}},"18":{"start":{"line":37,"column":2},"end":{"line":37,"column":26}},"19":{"start":{"line":40,"column":29},"end":{"line":46,"column":1}},"20":{"start":{"line":41,"column":15},"end":{"line":41,"column":28}},"21":{"start":{"line":42,"column":2},"end":{"line":45,"column":3}},"22":{"start":{"line":43,"column":18},"end":{"line":43,"column":28}},"23":{"start":{"line":44,"column":4},"end":{"line":44,"column":56}},"24":{"start":{"line":44,"column":32},"end":{"line":44,"column":54}},"25":{"start":{"line":48,"column":24},"end":{"line":50,"column":1}},"26":{"start":{"line":49,"column":2},"end":{"line":49,"column":29}},"27":{"start":{"line":52,"column":28},"end":{"line":61,"column":1}},"28":{"start":{"line":53,"column":16},"end":{"line":53,"column":32}},"29":{"start":{"line":54,"column":2},"end":{"line":59,"column":3}},"30":{"start":{"line":55,"column":4},"end":{"line":58,"column":5}},"31":{"start":{"line":56,"column":6},"end":{"line":56,"column":29}},"32":{"start":{"line":57,"column":6},"end":{"line":57,"column":18}},"33":{"start":{"line":60,"column":2},"end":{"line":60,"column":15}},"34":{"start":{"line":63,"column":38},"end":{"line":77,"column":1}},"35":{"start":{"line":64,"column":16},"end":{"line":64,"column":32}},"36":{"start":{"line":65,"column":21},"end":{"line":67,"column":42}},"37":{"start":{"line":66,"column":19},"end":{"line":66,"column":28}},"38":{"start":{"line":67,"column":19},"end":{"line":67,"column":41}},"39":{"start":{"line":69,"column":10},"end":{"line":69,"column":11}},"40":{"start":{"line":70,"column":20},"end":{"line":70,"column":32}},"41":{"start":{"line":71,"column":2},"end":{"line":74,"column":3}},"42":{"start":{"line":72,"column":4},"end":{"line":72,"column":8}},"43":{"start":{"line":73,"column":4},"end":{"line":73,"column":31}},"44":{"start":{"line":76,"column":2},"end":{"line":76,"column":21}},"45":{"start":{"line":79,"column":24},"end":{"line":103,"column":1}},"46":{"start":{"line":80,"column":23},"end":{"line":80,"column":54}},"47":{"start":{"line":82,"column":2},"end":{"line":102,"column":3}},"48":{"start":{"line":83,"column":4},"end":{"line":83,"column":40}},"49":{"start":{"line":84,"column":17},"end":{"line":84,"column":35}},"50":{"start":{"line":85,"column":4},"end":{"line":85,"column":35}},"51":{"start":{"line":86,"column":4},"end":{"line":86,"column":73}},"52":{"start":{"line":88,"column":4},"end":{"line":101,"column":5}},"53":{"start":{"line":89,"column":6},"end":{"line":89,"column":34}},"54":{"start":{"line":90,"column":6},"end":{"line":90,"column":37}},"55":{"start":{"line":91,"column":6},"end":{"line":94,"column":8}},"56":{"start":{"line":96,"column":6},"end":{"line":96,"column":54}},"57":{"start":{"line":97,"column":26},"end":{"line":97,"column":66}},"58":{"start":{"line":98,"column":19},"end":{"line":98,"column":40}},"59":{"start":{"line":99,"column":6},"end":{"line":99,"column":37}},"60":{"start":{"line":100,"column":6},"end":{"line":100,"column":65}},"61":{"start":{"line":105,"column":30},"end":{"line":112,"column":1}},"62":{"start":{"line":106,"column":18},"end":{"line":106,"column":56}},"63":{"start":{"line":107,"column":15},"end":{"line":107,"column":17}},"64":{"start":{"line":108,"column":2},"end":{"line":110,"column":3}},"65":{"start":{"line":108,"column":15},"end":{"line":108,"column":16}},"66":{"start":{"line":109,"column":4},"end":{"line":109,"column":73}},"67":{"start":{"line":111,"column":2},"end":{"line":111,"column":16}},"68":{"start":{"line":114,"column":36},"end":{"line":120,"column":1}},"69":{"start":{"line":116,"column":2},"end":{"line":118,"column":26}},"70":{"start":{"line":117,"column":4},"end":{"line":117,"column":30}},"71":{"start":{"line":119,"column":2},"end":{"line":119,"column":16}},"72":{"start":{"line":122,"column":27},"end":{"line":124,"column":1}},"73":{"start":{"line":123,"column":2},"end":{"line":123,"column":25}},"74":{"start":{"line":126,"column":23},"end":{"line":128,"column":1}},"75":{"start":{"line":127,"column":2},"end":{"line":127,"column":49}},"76":{"start":{"line":127,"column":41},"end":{"line":127,"column":47}},"77":{"start":{"line":130,"column":30},"end":{"line":133,"column":1}},"78":{"start":{"line":131,"column":16},"end":{"line":131,"column":32}},"79":{"start":{"line":132,"column":2},"end":{"line":132,"column":41}},"80":{"start":{"line":132,"column":29},"end":{"line":132,"column":39}},"81":{"start":{"line":135,"column":23},"end":{"line":150,"column":1}},"82":{"start":{"line":136,"column":22},"end":{"line":136,"column":44}},"83":{"start":{"line":137,"column":18},"end":{"line":137,"column":33}},"84":{"start":{"line":138,"column":2},"end":{"line":140,"column":3}},"85":{"start":{"line":139,"column":4},"end":{"line":139,"column":19}},"86":{"start":{"line":141,"column":2},"end":{"line":141,"column":23}},"87":{"start":{"line":142,"column":2},"end":{"line":148,"column":3}},"88":{"start":{"line":143,"column":4},"end":{"line":143,"column":34}},"89":{"start":{"line":145,"column":21},"end":{"line":145,"column":50}},"90":{"start":{"line":146,"column":4},"end":{"line":146,"column":25}},"91":{"start":{"line":147,"column":4},"end":{"line":147,"column":20}},"92":{"start":{"line":149,"column":2},"end":{"line":149,"column":15}},"93":{"start":{"line":152,"column":29},"end":{"line":154,"column":1}},"94":{"start":{"line":153,"column":2},"end":{"line":153,"column":34}},"95":{"start":{"line":156,"column":29},"end":{"line":166,"column":1}},"96":{"start":{"line":157,"column":16},"end":{"line":157,"column":32}},"97":{"start":{"line":158,"column":2},"end":{"line":164,"column":3}},"98":{"start":{"line":159,"column":4},"end":{"line":163,"column":5}},"99":{"start":{"line":160,"column":6},"end":{"line":160,"column":31}},"100":{"start":{"line":161,"column":6},"end":{"line":161,"column":38}},"101":{"start":{"line":162,"column":6},"end":{"line":162,"column":18}},"102":{"start":{"line":165,"column":2},"end":{"line":165,"column":15}}},"fnMap":{"0":{"name":"(anonymous_0)","decl":{"start":{"line":6,"column":24},"end":{"line":6,"column":25}},"loc":{"start":{"line":6,"column":38},"end":{"line":9,"column":1}},"line":6},"1":{"name":"(anonymous_1)","decl":{"start":{"line":11,"column":24},"end":{"line":11,"column":25}},"loc":{"start":{"line":11,"column":30},"end":{"line":13,"column":1}},"line":11},"2":{"name":"(anonymous_2)","decl":{"start":{"line":15,"column":23},"end":{"line":15,"column":24}},"loc":{"start":{"line":15,"column":35},"end":{"line":17,"column":1}},"line":15},"3":{"name":"(anonymous_3)","decl":{"start":{"line":19,"column":26},"end":{"line":19,"column":27}},"loc":{"start":{"line":19,"column":38},"end":{"line":26,"column":1}},"line":19},"4":{"name":"(anonymous_4)","decl":{"start":{"line":28,"column":26},"end":{"line":28,"column":27}},"loc":{"start":{"line":28,"column":44},"end":{"line":38,"column":1}},"line":28},"5":{"name":"(anonymous_5)","decl":{"start":{"line":40,"column":29},"end":{"line":40,"column":30}},"loc":{"start":{"line":40,"column":51},"end":{"line":46,"column":1}},"line":40},"6":{"name":"(anonymous_6)","decl":{"start":{"line":44,"column":22},"end":{"line":44,"column":23}},"loc":{"start":{"line":44,"column":32},"end":{"line":44,"column":54}},"line":44},"7":{"name":"(anonymous_7)","decl":{"start":{"line":48,"column":24},"end":{"line":48,"column":25}},"loc":{"start":{"line":48,"column":36},"end":{"line":50,"column":1}},"line":48},"8":{"name":"(anonymous_8)","decl":{"start":{"line":52,"column":28},"end":{"line":52,"column":29}},"loc":{"start":{"line":52,"column":65},"end":{"line":61,"column":1}},"line":52},"9":{"name":"(anonymous_9)","decl":{"start":{"line":63,"column":38},"end":{"line":63,"column":39}},"loc":{"start":{"line":63,"column":60},"end":{"line":77,"column":1}},"line":63},"10":{"name":"(anonymous_10)","decl":{"start":{"line":66,"column":9},"end":{"line":66,"column":10}},"loc":{"start":{"line":66,"column":19},"end":{"line":66,"column":28}},"line":66},"11":{"name":"(anonymous_11)","decl":{"start":{"line":67,"column":12},"end":{"line":67,"column":13}},"loc":{"start":{"line":67,"column":19},"end":{"line":67,"column":41}},"line":67},"12":{"name":"(anonymous_12)","decl":{"start":{"line":79,"column":24},"end":{"line":79,"column":25}},"loc":{"start":{"line":79,"column":65},"end":{"line":103,"column":1}},"line":79},"13":{"name":"(anonymous_13)","decl":{"start":{"line":105,"column":30},"end":{"line":105,"column":31}},"loc":{"start":{"line":105,"column":36},"end":{"line":112,"column":1}},"line":105},"14":{"name":"(anonymous_14)","decl":{"start":{"line":114,"column":36},"end":{"line":114,"column":37}},"loc":{"start":{"line":114,"column":42},"end":{"line":120,"column":1}},"line":114},"15":{"name":"(anonymous_15)","decl":{"start":{"line":122,"column":27},"end":{"line":122,"column":28}},"loc":{"start":{"line":122,"column":39},"end":{"line":124,"column":1}},"line":122},"16":{"name":"(anonymous_16)","decl":{"start":{"line":126,"column":23},"end":{"line":126,"column":24}},"loc":{"start":{"line":126,"column":35},"end":{"line":128,"column":1}},"line":126},"17":{"name":"(anonymous_17)","decl":{"start":{"line":127,"column":34},"end":{"line":127,"column":35}},"loc":{"start":{"line":127,"column":41},"end":{"line":127,"column":47}},"line":127},"18":{"name":"(anonymous_18)","decl":{"start":{"line":130,"column":30},"end":{"line":130,"column":31}},"loc":{"start":{"line":130,"column":42},"end":{"line":133,"column":1}},"line":130},"19":{"name":"(anonymous_19)","decl":{"start":{"line":132,"column":22},"end":{"line":132,"column":23}},"loc":{"start":{"line":132,"column":29},"end":{"line":132,"column":39}},"line":132},"20":{"name":"(anonymous_20)","decl":{"start":{"line":135,"column":23},"end":{"line":135,"column":24}},"loc":{"start":{"line":135,"column":35},"end":{"line":150,"column":1}},"line":135},"21":{"name":"(anonymous_21)","decl":{"start":{"line":152,"column":29},"end":{"line":152,"column":30}},"loc":{"start":{"line":152,"column":41},"end":{"line":154,"column":1}},"line":152},"22":{"name":"(anonymous_22)","decl":{"start":{"line":156,"column":29},"end":{"line":156,"column":30}},"loc":{"start":{"line":156,"column":65},"end":{"line":166,"column":1}},"line":156}},"branchMap":{"0":{"loc":{"start":{"line":20,"column":2},"end":{"line":25,"column":3}},"type":"if","locations":[{"start":{"line":20,"column":2},"end":{"line":25,"column":3}},{"start":{"line":23,"column":9},"end":{"line":25,"column":3}}],"line":20},"1":{"loc":{"start":{"line":31,"column":2},"end":{"line":35,"column":3}},"type":"if","locations":[{"start":{"line":31,"column":2},"end":{"line":35,"column":3}},{"start":{},"end":{}}],"line":31},"2":{"loc":{"start":{"line":42,"column":2},"end":{"line":45,"column":3}},"type":"if","locations":[{"start":{"line":42,"column":2},"end":{"line":45,"column":3}},{"start":{},"end":{}}],"line":42},"3":{"loc":{"start":{"line":52,"column":47},"end":{"line":52,"column":60}},"type":"default-arg","locations":[{"start":{"line":52,"column":56},"end":{"line":52,"column":60}}],"line":52},"4":{"loc":{"start":{"line":55,"column":4},"end":{"line":58,"column":5}},"type":"if","locations":[{"start":{"line":55,"column":4},"end":{"line":58,"column":5}},{"start":{},"end":{}}],"line":55},"5":{"loc":{"start":{"line":79,"column":43},"end":{"line":79,"column":60}},"type":"default-arg","locations":[{"start":{"line":79,"column":58},"end":{"line":79,"column":60}}],"line":79},"6":{"loc":{"start":{"line":82,"column":2},"end":{"line":102,"column":3}},"type":"if","locations":[{"start":{"line":82,"column":2},"end":{"line":102,"column":3}},{"start":{"line":87,"column":9},"end":{"line":102,"column":3}}],"line":82},"7":{"loc":{"start":{"line":88,"column":4},"end":{"line":101,"column":5}},"type":"if","locations":[{"start":{"line":88,"column":4},"end":{"line":101,"column":5}},{"start":{"line":95,"column":11},"end":{"line":101,"column":5}}],"line":88},"8":{"loc":{"start":{"line":138,"column":2},"end":{"line":140,"column":3}},"type":"if","locations":[{"start":{"line":138,"column":2},"end":{"line":140,"column":3}},{"start":{},"end":{}}],"line":138},"9":{"loc":{"start":{"line":142,"column":2},"end":{"line":148,"column":3}},"type":"if","locations":[{"start":{"line":142,"column":2},"end":{"line":148,"column":3}},{"start":{},"end":{}}],"line":142},"10":{"loc":{"start":{"line":159,"column":4},"end":{"line":163,"column":5}},"type":"if","locations":[{"start":{"line":159,"column":4},"end":{"line":163,"column":5}},{"start":{},"end":{}}],"line":159}},"s":{"0":3,"1":3,"2":30,"3":30,"4":3,"5":1,"6":3,"7":3,"8":3,"9":1,"10":1,"11":1,"12":0,"13":3,"14":3,"15":3,"16":3,"17":3,"18":3,"19":3,"20":29,"21":29,"22":29,"23":29,"24":45,"25":3,"26":47,"27":3,"28":24,"29":24,"30":39,"31":24,"32":24,"33":0,"34":3,"35":3,"36":3,"37":9,"38":9,"39":3,"40":3,"41":3,"42":3,"43":3,"44":3,"45":3,"46":8,"47":8,"48":2,"49":2,"50":2,"51":2,"52":6,"53":4,"54":4,"55":4,"56":2,"57":2,"58":2,"59":2,"60":2,"61":3,"62":1003,"63":1003,"64":1003,"65":1003,"66":4012,"67":1003,"68":3,"69":1003,"70":1003,"71":1003,"72":3,"73":13,"74":3,"75":12,"76":25,"77":3,"78":11,"79":11,"80":33,"81":3,"82":5,"83":5,"84":5,"85":1,"86":4,"87":4,"88":2,"89":2,"90":2,"91":2,"92":2,"93":3,"94":0,"95":3,"96":0,"97":0,"98":0,"99":0,"100":0,"101":0,"102":0},"f":{"0":30,"1":1,"2":3,"3":1,"4":3,"5":29,"6":45,"7":47,"8":24,"9":3,"10":9,"11":9,"12":8,"13":1003,"14":1003,"15":13,"16":12,"17":25,"18":11,"19":33,"20":5,"21":0,"22":0},"b":{"0":[1,0],"1":[3,0],"2":[29,0],"3":[8],"4":[24,15],"5":[1],"6":[2,6],"7":[4,2],"8":[1,4],"9":[2,2],"10":[0,0]},"_coverageSchema":"1a1c01bbd47fc00a2c39e90264f33305004495a9","hash":"6ba212942db549fcfc3fbdabba165129e51a93ad"}
,"C:\\Users\\jedbe\\OneDrive\\Desktop\\projects\\caseBattle\\server\\models\\User.js": {"path":"C:\\Users\\jedbe\\OneDrive\\Desktop\\projects\\caseBattle\\server\\models\\User.js","statementMap":{"0":{"start":{"line":2,"column":22},"end":{"line":2,"column":59}},"1":{"start":{"line":2,"column":28},"end":{"line":2,"column":59}},"2":{"start":{"line":6,"column":4},"end":{"line":6,"column":21}},"3":{"start":{"line":7,"column":4},"end":{"line":7,"column":40}},"4":{"start":{"line":8,"column":4},"end":{"line":8,"column":26}},"5":{"start":{"line":9,"column":4},"end":{"line":9,"column":20}},"6":{"start":{"line":10,"column":4},"end":{"line":10,"column":23}},"7":{"start":{"line":11,"column":4},"end":{"line":11,"column":25}},"8":{"start":{"line":15,"column":4},"end":{"line":15,"column":26}},"9":{"start":{"line":18,"column":4},"end":{"line":20,"column":10}},"10":{"start":{"line":19,"column":6},"end":{"line":19,"column":56}},"11":{"start":{"line":23,"column":4},"end":{"line":25,"column":65}}},"fnMap":{"0":{"name":"(anonymous_0)","decl":{"start":{"line":2,"column":22},"end":{"line":2,"column":23}},"loc":{"start":{"line":2,"column":28},"end":{"line":2,"column":59}},"line":2},"1":{"name":"(anonymous_1)","decl":{"start":{"line":5,"column":2},"end":{"line":5,"column":3}},"loc":{"start":{"line":5,"column":36},"end":{"line":12,"column":3}},"line":5},"2":{"name":"(anonymous_2)","decl":{"start":{"line":14,"column":2},"end":{"line":14,"column":3}},"loc":{"start":{"line":14,"column":16},"end":{"line":16,"column":3}},"line":14},"3":{"name":"(anonymous_3)","decl":{"start":{"line":17,"column":2},"end":{"line":17,"column":3}},"loc":{"start":{"line":17,"column":14},"end":{"line":21,"column":3}},"line":17},"4":{"name":"(anonymous_4)","decl":{"start":{"line":18,"column":29},"end":{"line":18,"column":30}},"loc":{"start":{"line":18,"column":46},"end":{"line":20,"column":5}},"line":18},"5":{"name":"(anonymous_5)","decl":{"start":{"line":22,"column":2},"end":{"line":22,"column":3}},"loc":{"start":{"line":22,"column":13},"end":{"line":26,"column":3}},"line":22}},"branchMap":{"0":{"loc":{"start":{"line":5,"column":20},"end":{"line":5,"column":34}},"type":"default-arg","locations":[{"start":{"line":5,"column":29},"end":{"line":5,"column":34}}],"line":5}},"s":{"0":3,"1":97,"2":97,"3":97,"4":97,"5":97,"6":97,"7":97,"8":0,"9":0,"10":0,"11":0},"f":{"0":97,"1":97,"2":0,"3":0,"4":0,"5":0},"b":{"0":[64]},"_coverageSchema":"1a1c01bbd47fc00a2c39e90264f33305004495a9","hash":"53e4d24528553b11dcb76b9dffad86321fd6f568"}
,"C:\\Users\\jedbe\\OneDrive\\Desktop\\projects\\caseBattle\\server\\models\\helpers.js": {"path":"C:\\Users\\jedbe\\OneDrive\\Desktop\\projects\\caseBattle\\server\\models\\helpers.js","statementMap":{"0":{"start":{"line":2,"column":2},"end":{"line":2,"column":64}},"1":{"start":{"line":2,"column":47},"end":{"line":2,"column":64}},"2":{"start":{"line":3,"column":22},"end":{"line":3,"column":60}},"3":{"start":{"line":4,"column":2},"end":{"line":4,"column":26}}},"fnMap":{"0":{"name":"getRandomElement","decl":{"start":{"line":1,"column":16},"end":{"line":1,"column":32}},"loc":{"start":{"line":1,"column":38},"end":{"line":5,"column":1}},"line":1}},"branchMap":{"0":{"loc":{"start":{"line":2,"column":2},"end":{"line":2,"column":64}},"type":"if","locations":[{"start":{"line":2,"column":2},"end":{"line":2,"column":64}},{"start":{},"end":{}}],"line":2},"1":{"loc":{"start":{"line":2,"column":6},"end":{"line":2,"column":45}},"type":"binary-expr","locations":[{"start":{"line":2,"column":6},"end":{"line":2,"column":25}},{"start":{"line":2,"column":29},"end":{"line":2,"column":45}}],"line":2}},"s":{"0":2,"1":0,"2":2,"3":2},"f":{"0":2},"b":{"0":[0,2],"1":[2,2]},"_coverageSchema":"1a1c01bbd47fc00a2c39e90264f33305004495a9","hash":"3fcf3e32d929ed0355efe4997effbdba22756533"}
,"C:\\Users\\jedbe\\OneDrive\\Desktop\\projects\\caseBattle\\server\\routes\\roomRoutes.js": {"path":"C:\\Users\\jedbe\\OneDrive\\Desktop\\projects\\caseBattle\\server\\routes\\roomRoutes.js","statementMap":{"0":{"start":{"line":9,"column":15},"end":{"line":9,"column":31}},"1":{"start":{"line":11,"column":0},"end":{"line":11,"column":58}},"2":{"start":{"line":11,"column":33},"end":{"line":11,"column":56}},"3":{"start":{"line":12,"column":0},"end":{"line":12,"column":65}},"4":{"start":{"line":12,"column":37},"end":{"line":12,"column":63}},"5":{"start":{"line":13,"column":0},"end":{"line":13,"column":61}},"6":{"start":{"line":13,"column":35},"end":{"line":13,"column":59}},"7":{"start":{"line":14,"column":0},"end":{"line":14,"column":69}},"8":{"start":{"line":14,"column":41},"end":{"line":14,"column":67}},"9":{"start":{"line":16,"column":26},"end":{"line":16,"column":38}},"10":{"start":{"line":16,"column":32},"end":{"line":16,"column":38}}},"fnMap":{"0":{"name":"(anonymous_0)","decl":{"start":{"line":11,"column":19},"end":{"line":11,"column":20}},"loc":{"start":{"line":11,"column":33},"end":{"line":11,"column":56}},"line":11},"1":{"name":"(anonymous_1)","decl":{"start":{"line":12,"column":23},"end":{"line":12,"column":24}},"loc":{"start":{"line":12,"column":37},"end":{"line":12,"column":63}},"line":12},"2":{"name":"(anonymous_2)","decl":{"start":{"line":13,"column":21},"end":{"line":13,"column":22}},"loc":{"start":{"line":13,"column":35},"end":{"line":13,"column":59}},"line":13},"3":{"name":"(anonymous_3)","decl":{"start":{"line":14,"column":27},"end":{"line":14,"column":28}},"loc":{"start":{"line":14,"column":41},"end":{"line":14,"column":67}},"line":14},"4":{"name":"(anonymous_4)","decl":{"start":{"line":16,"column":26},"end":{"line":16,"column":27}},"loc":{"start":{"line":16,"column":32},"end":{"line":16,"column":38}},"line":16}},"branchMap":{},"s":{"0":2,"1":2,"2":0,"3":2,"4":2,"5":2,"6":5,"7":2,"8":6,"9":2,"10":2},"f":{"0":0,"1":2,"2":5,"3":6,"4":2},"b":{},"_coverageSchema":"1a1c01bbd47fc00a2c39e90264f33305004495a9","hash":"07acc27765be6abe60d6e7578392b9333344040d"}
,"C:\\Users\\jedbe\\OneDrive\\Desktop\\projects\\caseBattle\\server\\sockets\\roomHandlers.js": {"path":"C:\\Users\\jedbe\\OneDrive\\Desktop\\projects\\caseBattle\\server\\sockets\\roomHandlers.js","statementMap":{"0":{"start":{"line":3,"column":30},"end":{"line":17,"column":1}},"1":{"start":{"line":4,"column":15},"end":{"line":4,"column":46}},"2":{"start":{"line":6,"column":20},"end":{"line":6,"column":66}},"3":{"start":{"line":7,"column":2},"end":{"line":12,"column":3}},"4":{"start":{"line":8,"column":4},"end":{"line":10,"column":6}},"5":{"start":{"line":11,"column":4},"end":{"line":11,"column":11}},"6":{"start":{"line":14,"column":2},"end":{"line":14,"column":22}},"7":{"start":{"line":15,"column":2},"end":{"line":15,"column":79}},"8":{"start":{"line":16,"column":2},"end":{"line":16,"column":46}}},"fnMap":{"0":{"name":"(anonymous_0)","decl":{"start":{"line":3,"column":30},"end":{"line":3,"column":31}},"loc":{"start":{"line":3,"column":74},"end":{"line":17,"column":1}},"line":3}},"branchMap":{"0":{"loc":{"start":{"line":7,"column":2},"end":{"line":12,"column":3}},"type":"if","locations":[{"start":{"line":7,"column":2},"end":{"line":12,"column":3}},{"start":{},"end":{}}],"line":7}},"s":{"0":2,"1":0,"2":0,"3":0,"4":0,"5":0,"6":0,"7":0,"8":0},"f":{"0":0},"b":{"0":[0,0]},"_coverageSchema":"1a1c01bbd47fc00a2c39e90264f33305004495a9","hash":"0938f8e5bdc0e881e4f05fa35914ab9c4fc24a61"}
,"C:\\Users\\jedbe\\OneDrive\\Desktop\\projects\\caseBattle\\server\\sockets\\roomSocket.js": {"path":"C:\\Users\\jedbe\\OneDrive\\Desktop\\projects\\caseBattle\\server\\sockets\\roomSocket.js","statementMap":{"0":{"start":{"line":4,"column":2},"end":{"line":35,"column":5}},"1":{"start":{"line":5,"column":4},"end":{"line":5,"column":48}},"2":{"start":{"line":7,"column":4},"end":{"line":7,"column":44}},"3":{"start":{"line":9,"column":4},"end":{"line":12,"column":7}},"4":{"start":{"line":10,"column":6},"end":{"line":10,"column":49}},"5":{"start":{"line":11,"column":6},"end":{"line":11,"column":31}},"6":{"start":{"line":14,"column":4},"end":{"line":30,"column":7}},"7":{"start":{"line":15,"column":19},"end":{"line":15,"column":50}},"8":{"start":{"line":17,"column":24},"end":{"line":17,"column":70}},"9":{"start":{"line":18,"column":6},"end":{"line":23,"column":7}},"10":{"start":{"line":19,"column":8},"end":{"line":21,"column":10}},"11":{"start":{"line":22,"column":8},"end":{"line":22,"column":15}},"12":{"start":{"line":25,"column":6},"end":{"line":25,"column":26}},"13":{"start":{"line":26,"column":6},"end":{"line":28,"column":8}},"14":{"start":{"line":29,"column":6},"end":{"line":29,"column":50}},"15":{"start":{"line":32,"column":4},"end":{"line":34,"column":7}},"16":{"start":{"line":33,"column":6},"end":{"line":33,"column":53}}},"fnMap":{"0":{"name":"roomSocketHandlers","decl":{"start":{"line":3,"column":16},"end":{"line":3,"column":34}},"loc":{"start":{"line":3,"column":39},"end":{"line":36,"column":1}},"line":3},"1":{"name":"(anonymous_1)","decl":{"start":{"line":4,"column":22},"end":{"line":4,"column":23}},"loc":{"start":{"line":4,"column":34},"end":{"line":35,"column":3}},"line":4},"2":{"name":"(anonymous_2)","decl":{"start":{"line":9,"column":22},"end":{"line":9,"column":23}},"loc":{"start":{"line":9,"column":31},"end":{"line":12,"column":5}},"line":9},"3":{"name":"(anonymous_3)","decl":{"start":{"line":14,"column":27},"end":{"line":14,"column":28}},"loc":{"start":{"line":14,"column":63},"end":{"line":30,"column":5}},"line":14},"4":{"name":"(anonymous_4)","decl":{"start":{"line":32,"column":28},"end":{"line":32,"column":29}},"loc":{"start":{"line":32,"column":34},"end":{"line":34,"column":5}},"line":32}},"branchMap":{"0":{"loc":{"start":{"line":18,"column":6},"end":{"line":23,"column":7}},"type":"if","locations":[{"start":{"line":18,"column":6},"end":{"line":23,"column":7}},{"start":{},"end":{}}],"line":18}},"s":{"0":2,"1":0,"2":0,"3":0,"4":0,"5":0,"6":0,"7":0,"8":0,"9":0,"10":0,"11":0,"12":0,"13":0,"14":0,"15":0,"16":0},"f":{"0":2,"1":0,"2":0,"3":0,"4":0},"b":{"0":[0,0]},"_coverageSchema":"1a1c01bbd47fc00a2c39e90264f33305004495a9","hash":"68a91b95bf054f945ec46c0f0a0f098533f1e040"}
,"C:\\Users\\jedbe\\OneDrive\\Desktop\\projects\\caseBattle\\server\\test\\integration\\socket\\helper.js": {"path":"C:\\Users\\jedbe\\OneDrive\\Desktop\\projects\\caseBattle\\server\\test\\integration\\socket\\helper.js","statementMap":{"0":{"start":{"line":4,"column":26},"end":{"line":10,"column":1}},"1":{"start":{"line":5,"column":14},"end":{"line":5,"column":72}},"2":{"start":{"line":7,"column":27},"end":{"line":7,"column":35}},"3":{"start":{"line":9,"column":2},"end":{"line":9,"column":20}}},"fnMap":{"0":{"name":"(anonymous_0)","decl":{"start":{"line":4,"column":26},"end":{"line":4,"column":27}},"loc":{"start":{"line":4,"column":54},"end":{"line":10,"column":1}},"line":4}},"branchMap":{},"s":{"0":1,"1":0,"2":0,"3":0},"f":{"0":0},"b":{},"_coverageSchema":"1a1c01bbd47fc00a2c39e90264f33305004495a9","hash":"f8d0db2a28a892c34ebac4cbc75189b1405fca4f"}
}
