TN:
SF:index.js
FN:26,(anonymous_0)
FN:33,(anonymous_1)
FNF:2
FNH:1
FNDA:1,(anonymous_0)
FNDA:0,(anonymous_1)
DA:8,2
DA:10,2
DA:11,2
DA:13,2
DA:21,2
DA:22,2
DA:24,2
DA:26,2
DA:27,1
DA:30,2
DA:32,2
DA:33,0
DA:34,0
LF:13
LH:11
BRDA:32,0,0,0
BRDA:32,0,1,2
BRF:2
BRH:1
end_of_record
TN:
SF:controllers\roomController.js
FN:16,(anonymous_0)
FN:22,(anonymous_1)
FN:37,(anonymous_2)
FN:65,(anonymous_3)
FN:73,(anonymous_4)
FN:78,(anonymous_5)
FNF:6
FNH:5
FNDA:0,(anonymous_0)
FNDA:2,(anonymous_1)
FNDA:5,(anonymous_2)
FNDA:6,(anonymous_3)
FNDA:2,(anonymous_4)
FNDA:1,(anonymous_5)
DA:13,2
DA:14,2
DA:16,2
DA:17,0
DA:18,0
DA:19,0
DA:22,2
DA:23,2
DA:24,2
DA:25,1
DA:27,2
DA:28,2
DA:29,2
DA:31,0
DA:37,2
DA:38,5
DA:41,5
DA:42,5
DA:43,0
DA:46,5
DA:47,1
DA:50,5
DA:51,5
DA:56,5
DA:57,0
DA:59,5
DA:61,0
DA:65,2
DA:66,6
DA:68,6
DA:69,6
DA:70,6
DA:71,5
DA:72,5
DA:73,2
DA:74,2
DA:77,5
DA:78,2
DA:79,1
DA:82,5
DA:84,1
DA:87,0
LF:42
LH:34
BRDA:18,0,0,0
BRDA:18,0,1,0
BRDA:24,1,0,1
BRDA:24,1,1,1
BRDA:28,2,0,2
BRDA:28,2,1,0
BRDA:42,3,0,0
BRDA:42,3,1,5
BRDA:46,4,0,1
BRDA:46,4,1,4
BRDA:50,5,0,5
BRDA:50,5,1,0
BRDA:56,6,0,0
BRDA:56,6,1,5
BRDA:68,7,0,6
BRDA:68,7,1,0
BRDA:70,8,0,5
BRDA:70,8,1,1
BRDA:70,9,0,6
BRDA:70,9,1,6
BRDA:72,10,0,2
BRDA:72,10,1,3
BRDA:77,11,0,2
BRDA:77,11,1,3
BRF:24
BRH:17
end_of_record
TN:
SF:models\Room.js
FN:6,(anonymous_0)
FN:11,(anonymous_1)
FN:15,(anonymous_2)
FN:19,(anonymous_3)
FN:28,(anonymous_4)
FN:40,(anonymous_5)
FN:44,(anonymous_6)
FN:48,(anonymous_7)
FN:52,(anonymous_8)
FN:63,(anonymous_9)
FN:66,(anonymous_10)
FN:67,(anonymous_11)
FN:79,(anonymous_12)
FN:105,(anonymous_13)
FN:114,(anonymous_14)
FN:122,(anonymous_15)
FN:126,(anonymous_16)
FN:127,(anonymous_17)
FN:130,(anonymous_18)
FN:132,(anonymous_19)
FN:135,(anonymous_20)
FN:152,(anonymous_21)
FN:156,(anonymous_22)
FNF:23
FNH:21
FNDA:30,(anonymous_0)
FNDA:1,(anonymous_1)
FNDA:3,(anonymous_2)
FNDA:1,(anonymous_3)
FNDA:3,(anonymous_4)
FNDA:29,(anonymous_5)
FNDA:45,(anonymous_6)
FNDA:47,(anonymous_7)
FNDA:24,(anonymous_8)
FNDA:3,(anonymous_9)
FNDA:9,(anonymous_10)
FNDA:9,(anonymous_11)
FNDA:8,(anonymous_12)
FNDA:1003,(anonymous_13)
FNDA:1003,(anonymous_14)
FNDA:13,(anonymous_15)
FNDA:12,(anonymous_16)
FNDA:25,(anonymous_17)
FNDA:11,(anonymous_18)
FNDA:33,(anonymous_19)
FNDA:5,(anonymous_20)
FNDA:0,(anonymous_21)
FNDA:0,(anonymous_22)
DA:4,3
DA:6,3
DA:7,30
DA:8,30
DA:11,3
DA:12,1
DA:15,3
DA:16,3
DA:19,3
DA:20,1
DA:21,1
DA:22,1
DA:24,0
DA:28,3
DA:29,3
DA:30,3
DA:31,3
DA:32,3
DA:37,3
DA:40,3
DA:41,29
DA:42,29
DA:43,29
DA:44,45
DA:48,3
DA:49,47
DA:52,3
DA:53,24
DA:54,24
DA:55,39
DA:56,24
DA:57,24
DA:60,0
DA:63,3
DA:64,3
DA:65,3
DA:66,9
DA:67,9
DA:69,3
DA:70,3
DA:71,3
DA:72,3
DA:73,3
DA:76,3
DA:79,3
DA:80,8
DA:82,8
DA:83,2
DA:84,2
DA:85,2
DA:86,2
DA:88,6
DA:89,4
DA:90,4
DA:91,4
DA:96,2
DA:97,2
DA:98,2
DA:99,2
DA:100,2
DA:105,3
DA:106,1003
DA:107,1003
DA:108,1003
DA:109,4012
DA:111,1003
DA:114,3
DA:116,1003
DA:117,1003
DA:119,1003
DA:122,3
DA:123,13
DA:126,3
DA:127,25
DA:130,3
DA:131,11
DA:132,33
DA:135,3
DA:136,5
DA:137,5
DA:138,5
DA:139,1
DA:141,4
DA:142,4
DA:143,2
DA:145,2
DA:146,2
DA:147,2
DA:149,2
DA:152,3
DA:153,0
DA:156,3
DA:157,0
DA:158,0
DA:159,0
DA:160,0
DA:161,0
DA:162,0
DA:165,0
LF:99
LH:89
BRDA:20,0,0,1
BRDA:20,0,1,0
BRDA:31,1,0,3
BRDA:31,1,1,0
BRDA:42,2,0,29
BRDA:42,2,1,0
BRDA:52,3,0,8
BRDA:55,4,0,24
BRDA:55,4,1,15
BRDA:79,5,0,1
BRDA:82,6,0,2
BRDA:82,6,1,6
BRDA:88,7,0,4
BRDA:88,7,1,2
BRDA:138,8,0,1
BRDA:138,8,1,4
BRDA:142,9,0,2
BRDA:142,9,1,2
BRDA:159,10,0,0
BRDA:159,10,1,0
BRF:20
BRH:15
end_of_record
TN:
SF:models\User.js
FN:2,(anonymous_0)
FN:5,(anonymous_1)
FN:14,(anonymous_2)
FN:17,(anonymous_3)
FN:18,(anonymous_4)
FN:22,(anonymous_5)
FNF:6
FNH:2
FNDA:97,(anonymous_0)
FNDA:97,(anonymous_1)
FNDA:0,(anonymous_2)
FNDA:0,(anonymous_3)
FNDA:0,(anonymous_4)
FNDA:0,(anonymous_5)
DA:2,97
DA:6,97
DA:7,97
DA:8,97
DA:9,97
DA:10,97
DA:11,97
DA:15,0
DA:18,0
DA:19,0
DA:23,0
LF:11
LH:7
BRDA:5,0,0,64
BRF:1
BRH:1
end_of_record
TN:
SF:models\helpers.js
FN:1,getRandomElement
FNF:1
FNH:1
FNDA:2,getRandomElement
DA:2,2
DA:3,2
DA:4,2
LF:3
LH:3
BRDA:2,0,0,0
BRDA:2,0,1,2
BRDA:2,1,0,2
BRDA:2,1,1,2
BRF:4
BRH:3
end_of_record
TN:
SF:routes\roomRoutes.js
FN:11,(anonymous_0)
FN:12,(anonymous_1)
FN:13,(anonymous_2)
FN:14,(anonymous_3)
FN:16,(anonymous_4)
FNF:5
FNH:4
FNDA:0,(anonymous_0)
FNDA:2,(anonymous_1)
FNDA:5,(anonymous_2)
FNDA:6,(anonymous_3)
FNDA:2,(anonymous_4)
DA:9,2
DA:11,2
DA:12,2
DA:13,5
DA:14,6
DA:16,2
LF:6
LH:6
BRF:0
BRH:0
end_of_record
TN:
SF:sockets\roomHandlers.js
FN:3,(anonymous_0)
FNF:1
FNH:0
FNDA:0,(anonymous_0)
DA:3,2
DA:4,0
DA:6,0
DA:7,0
DA:8,0
DA:11,0
DA:14,0
DA:15,0
DA:16,0
LF:9
LH:1
BRDA:7,0,0,0
BRDA:7,0,1,0
BRF:2
BRH:0
end_of_record
TN:
SF:sockets\roomSocket.js
FN:3,roomSocketHandlers
FN:4,(anonymous_1)
FN:9,(anonymous_2)
FN:14,(anonymous_3)
FN:32,(anonymous_4)
FNF:5
FNH:1
FNDA:2,roomSocketHandlers
FNDA:0,(anonymous_1)
FNDA:0,(anonymous_2)
FNDA:0,(anonymous_3)
FNDA:0,(anonymous_4)
DA:4,2
DA:5,0
DA:7,0
DA:9,0
DA:10,0
DA:11,0
DA:14,0
DA:15,0
DA:17,0
DA:18,0
DA:19,0
DA:22,0
DA:25,0
DA:26,0
DA:29,0
DA:32,0
DA:33,0
LF:17
LH:1
BRDA:18,0,0,0
BRDA:18,0,1,0
BRF:2
BRH:0
end_of_record
TN:
SF:test\integration\socket\helper.js
FN:4,(anonymous_0)
FNF:1
FNH:0
FNDA:0,(anonymous_0)
DA:4,1
DA:5,0
DA:7,0
DA:9,0
LF:4
LH:1
BRF:0
BRH:0
end_of_record
